SF:lib\app\data\mocks\cep_mock.dart
DA:6,2
DA:19,1
DA:35,2
DA:36,1
DA:37,3
DA:39,1
LF:6
LH:6
end_of_record
SF:lib\app\data\remoto\repositories\cep_repository_impl.dart
DA:9,1
DA:12,1
DA:13,4
DA:15,2
DA:16,2
DA:20,1
LF:6
LH:6
end_of_record
SF:lib\app\domain\entities\cep_entity.dart
DA:16,2
DA:31,0
DA:43,0
DA:44,0
DA:45,0
DA:46,0
DA:47,0
DA:48,0
DA:49,0
DA:50,0
DA:51,0
DA:52,0
DA:53,0
DA:57,0
DA:58,0
DA:59,0
DA:60,0
DA:61,0
DA:62,0
DA:63,0
DA:64,0
DA:65,0
DA:66,0
DA:67,0
DA:68,0
DA:72,1
DA:73,1
DA:74,1
DA:75,1
DA:76,1
DA:77,1
DA:78,1
DA:79,1
DA:80,1
DA:81,1
DA:82,1
DA:83,1
DA:87,0
DA:89,0
DA:91,0
DA:93,0
DA:96,1
DA:102,1
DA:103,3
DA:104,3
DA:105,3
DA:106,3
DA:107,3
DA:108,3
DA:109,3
DA:110,3
DA:111,3
DA:112,3
DA:115,0
DA:117,0
LF:55
LH:25
end_of_record
SF:lib\app\ui\modules\home\controllers\home_controller.dart
DA:9,1
DA:11,1
DA:12,2
DA:13,1
DA:14,2
DA:16,1
DA:17,2
DA:18,0
DA:19,0
DA:22,1
DA:23,2
DA:27,1
DA:28,0
DA:32,0
DA:34,0
DA:35,0
LF:16
LH:10
end_of_record
